<?xml version="1.0" encoding="UTF-8"?>
<!-- Generated by org.testng.reporters.JUnitXMLReporter -->
<testsuite hostname="Jo" ignored="0" name="Default test" tests="3" failures="0" timestamp="2022-09-07T17:25:41 IST" time="0.026" errors="0">
  <testcase name="testone" time="0.003" classname="com.TestNgF.Hierarchy_TestNg"/>
  <testcase name="testtwo" time="0.001" classname="com.TestNgF.Hierarchy_TestNg"/>
  <testcase name="testthree" time="0.0" classname="com.TestNgF.Hierarchy_TestNg"/>
</testsuite> <!-- Default test -->
