<?xml version="1.0" encoding="UTF-8"?>
<!-- Generated by org.testng.reporters.JUnitXMLReporter -->
<testsuite hostname="Jo" ignored="0" name="newlytest" tests="2" failures="2" timestamp="2022-08-05T13:07:43 IST" time="8.167" errors="0">
  <testcase name="fb" time="1.472" classname="com.Listeners.Implementation_Class">
    <failure type="java.lang.AssertionError" message="expected [facebook] but found [Instagram]">
      <![CDATA[java.lang.AssertionError: expected [facebook] but found [Instagram]
at com.Listeners.Implementation_Class.fb(Implementation_Class.java:46)
at java.util.ArrayList.forEach(Unknown Source)
... Removed 33 stack frames]]>
    </failure>
  </testcase> <!-- fb -->
  <testcase name="insta" time="1.869" classname="com.Listeners.Implementation_Class">
    <failure type="java.lang.AssertionError" message="expected [instagram] but found [Facebook – log in or sign up]">
      <![CDATA[java.lang.AssertionError: expected [instagram] but found [Facebook – log in or sign up]
at com.Listeners.Implementation_Class.insta(Implementation_Class.java:58)
at java.util.ArrayList.forEach(Unknown Source)
... Removed 33 stack frames]]>
    </failure>
  </testcase> <!-- insta -->
</testsuite> <!-- newlytest -->
