<?xml version="1.0" encoding="UTF-8"?>
<testng-results skipped="0" failed="0" ignored="0" total="2" passed="2">
  <reporter-output>
  </reporter-output>
  <suite name="Suite" duration-ms="7154" started-at="2022-08-01T21:31:15 IST" finished-at="2022-08-01T21:31:22 IST">
    <groups>
    </groups>
    <test name="Test" duration-ms="7154" started-at="2022-08-01T21:31:15 IST" finished-at="2022-08-01T21:31:22 IST">
      <class name="com.TestNgF.Parallel_Testing">
        <test-method status="PASS" signature="bing()[pri:0, instance:com.TestNgF.Parallel_Testing@1f554b06]" name="bing" duration-ms="2925" started-at="2022-08-01T21:31:15 IST" finished-at="2022-08-01T21:31:18 IST">
          <reporter-output>
          </reporter-output>
        </test-method> <!-- bing -->
        <test-method status="PASS" signature="google()[pri:0, instance:com.TestNgF.Parallel_Testing@1f554b06]" name="google" duration-ms="7132" started-at="2022-08-01T21:31:15 IST" finished-at="2022-08-01T21:31:22 IST">
          <reporter-output>
          </reporter-output>
        </test-method> <!-- google -->
      </class> <!-- com.TestNgF.Parallel_Testing -->
    </test> <!-- Test -->
  </suite> <!-- Suite -->
</testng-results>
